<?xml version="1.0" encoding="UTF-8"?>
<coverage generated="1732691170984" clover="3.2.0">
  <project timestamp="1732691170984" name="All files">
    <metrics statements="93" coveredstatements="70" conditionals="48" coveredconditionals="27" methods="33" coveredmethods="23" elements="174" coveredelements="120" complexity="0" loc="93" ncloc="93" packages="1" files="1" classes="1"/>
    <file name="WorkoutEntryPage.jsx" path="C:\Users\diazk\CS-Assignments\csc307\liftlogs\packages\react-frontend\src\workout-entry\WorkoutEntryPage.jsx">
      <metrics statements="93" coveredstatements="70" conditionals="48" coveredconditionals="27" methods="33" coveredmethods="23"/>
      <line num="15" count="27" type="stmt"/>
      <line num="16" count="27" type="stmt"/>
      <line num="17" count="27" type="stmt"/>
      <line num="18" count="27" type="stmt"/>
      <line num="19" count="27" type="stmt"/>
      <line num="20" count="27" type="stmt"/>
      <line num="21" count="27" type="stmt"/>
      <line num="22" count="27" type="stmt"/>
      <line num="23" count="27" type="stmt"/>
      <line num="24" count="27" type="stmt"/>
      <line num="25" count="27" type="stmt"/>
      <line num="28" count="27" type="stmt"/>
      <line num="29" count="6" type="cond" truecount="2" falsecount="0"/>
      <line num="30" count="6" type="stmt"/>
      <line num="34" count="27" type="stmt"/>
      <line num="35" count="13" type="stmt"/>
      <line num="38" count="27" type="stmt"/>
      <line num="39" count="3" type="cond" truecount="3" falsecount="1"/>
      <line num="40" count="3" type="stmt"/>
      <line num="41" count="3" type="stmt"/>
      <line num="42" count="3" type="stmt"/>
      <line num="46" count="27" type="stmt"/>
      <line num="47" count="1" type="stmt"/>
      <line num="55" count="1" type="cond" truecount="3" falsecount="1"/>
      <line num="56" count="1" type="stmt"/>
      <line num="57" count="0" type="stmt"/>
      <line num="60" count="1" type="cond" truecount="1" falsecount="1"/>
      <line num="61" count="0" type="cond" truecount="0" falsecount="2"/>
      <line num="64" count="0" type="stmt"/>
      <line num="65" count="0" type="stmt"/>
      <line num="66" count="0" type="stmt"/>
      <line num="69" count="1" type="stmt"/>
      <line num="73" count="1" type="stmt"/>
      <line num="74" count="1" type="stmt"/>
      <line num="77" count="27" type="stmt"/>
      <line num="78" count="1" type="stmt"/>
      <line num="79" count="1" type="stmt"/>
      <line num="80" count="1" type="stmt"/>
      <line num="81" count="1" type="stmt"/>
      <line num="82" count="1" type="stmt"/>
      <line num="83" count="1" type="stmt"/>
      <line num="84" count="1" type="stmt"/>
      <line num="85" count="1" type="stmt"/>
      <line num="88" count="27" type="stmt"/>
      <line num="89" count="1" type="stmt"/>
      <line num="90" count="1" type="stmt"/>
      <line num="93" count="27" type="stmt"/>
      <line num="94" count="0" type="cond" truecount="0" falsecount="2"/>
      <line num="95" count="0" type="stmt"/>
      <line num="96" count="0" type="stmt"/>
      <line num="97" count="0" type="stmt"/>
      <line num="101" count="27" type="stmt"/>
      <line num="102" count="1" type="stmt"/>
      <line num="104" count="1" type="cond" truecount="1" falsecount="1"/>
      <line num="106" count="1" type="stmt"/>
      <line num="118" count="1" type="stmt"/>
      <line num="135" count="0" type="stmt"/>
      <line num="136" count="0" type="stmt"/>
      <line num="137" count="0" type="stmt"/>
      <line num="138" count="0" type="cond" truecount="0" falsecount="2"/>
      <line num="139" count="0" type="cond" truecount="0" falsecount="2"/>
      <line num="140" count="0" type="cond" truecount="0" falsecount="2"/>
      <line num="147" count="0" type="stmt"/>
      <line num="157" count="27" type="stmt"/>
      <line num="158" count="27" type="stmt"/>
      <line num="166" count="1" type="stmt"/>
      <line num="167" count="1" type="stmt"/>
      <line num="169" count="1" type="cond" truecount="1" falsecount="1"/>
      <line num="170" count="0" type="stmt"/>
      <line num="171" count="0" type="stmt"/>
      <line num="173" count="1" type="stmt"/>
      <line num="180" count="3" type="stmt"/>
      <line num="188" count="27" type="stmt"/>
      <line num="189" count="26" type="stmt"/>
      <line num="200" count="0" type="stmt"/>
      <line num="210" count="0" type="stmt"/>
      <line num="218" count="27" type="stmt"/>
      <line num="219" count="26" type="cond" truecount="2" falsecount="0"/>
      <line num="221" count="26" type="stmt"/>
      <line num="231" count="3" type="stmt"/>
      <line num="241" count="3" type="stmt"/>
      <line num="253" count="3" type="stmt"/>
      <line num="259" count="1" type="stmt"/>
      <line num="272" count="27" type="stmt"/>
      <line num="273" count="0" type="stmt"/>
      <line num="281" count="0" type="stmt"/>
      <line num="291" count="0" type="stmt"/>
      <line num="297" count="27" type="stmt"/>
      <line num="299" count="26" type="cond" truecount="5" falsecount="3"/>
      <line num="304" count="26" type="stmt"/>
      <line num="317" count="27" type="stmt"/>
      <line num="339" count="2" type="stmt"/>
      <line num="350" count="1" type="stmt"/>
    </file>
  </project>
</coverage>
