{
  "C:\\Users\\diazk\\CS-Assignments\\csc307\\liftlogs\\packages\\react-frontend\\src\\workout-entry\\WorkoutEntryPage.jsx": {
    "path": "C:\\Users\\diazk\\CS-Assignments\\csc307\\liftlogs\\packages\\react-frontend\\src\\workout-entry\\WorkoutEntryPage.jsx",
    "statementMap": {
      "0": {
        "start": { "line": 15, "column": 30 },
        "end": { "line": 15, "column": 42 }
      },
      "1": {
        "start": { "line": 16, "column": 26 },
        "end": { "line": 16, "column": 38 }
      },
      "2": {
        "start": { "line": 17, "column": 40 },
        "end": { "line": 17, "column": 59 }
      },
      "3": {
        "start": { "line": 18, "column": 26 },
        "end": { "line": 18, "column": 38 }
      },
      "4": {
        "start": { "line": 19, "column": 26 },
        "end": { "line": 19, "column": 38 }
      },
      "5": {
        "start": { "line": 20, "column": 30 },
        "end": { "line": 20, "column": 42 }
      },
      "6": {
        "start": { "line": 21, "column": 34 },
        "end": { "line": 21, "column": 46 }
      },
      "7": {
        "start": { "line": 22, "column": 26 },
        "end": { "line": 22, "column": 38 }
      },
      "8": {
        "start": { "line": 23, "column": 32 },
        "end": { "line": 23, "column": 44 }
      },
      "9": {
        "start": { "line": 24, "column": 36 },
        "end": { "line": 24, "column": 50 }
      },
      "10": {
        "start": { "line": 25, "column": 42 },
        "end": { "line": 25, "column": 57 }
      },
      "11": {
        "start": { "line": 28, "column": 2 },
        "end": { "line": 31, "column": 9 }
      },
      "12": {
        "start": { "line": 29, "column": 25 },
        "end": { "line": 29, "column": 74 }
      },
      "13": {
        "start": { "line": 30, "column": 4 },
        "end": { "line": 30, "column": 29 }
      },
      "14": {
        "start": { "line": 34, "column": 2 },
        "end": { "line": 36, "column": 16 }
      },
      "15": {
        "start": { "line": 35, "column": 4 },
        "end": { "line": 35, "column": 61 }
      },
      "16": {
        "start": { "line": 38, "column": 23 },
        "end": { "line": 44, "column": 3 }
      },
      "17": {
        "start": { "line": 39, "column": 4 },
        "end": { "line": 43, "column": 5 }
      },
      "18": {
        "start": { "line": 40, "column": 6 },
        "end": { "line": 40, "column": 43 }
      },
      "19": {
        "start": { "line": 41, "column": 6 },
        "end": { "line": 41, "column": 18 }
      },
      "20": {
        "start": { "line": 42, "column": 6 },
        "end": { "line": 42, "column": 20 }
      },
      "21": {
        "start": { "line": 46, "column": 23 },
        "end": { "line": 75, "column": 3 }
      },
      "22": {
        "start": { "line": 47, "column": 23 },
        "end": { "line": 53, "column": 5 }
      },
      "23": {
        "start": { "line": 55, "column": 4 },
        "end": { "line": 71, "column": 5 }
      },
      "24": {
        "start": { "line": 56, "column": 28 },
        "end": { "line": 58, "column": 7 }
      },
      "25": {
        "start": { "line": 57, "column": 15 },
        "end": { "line": 57, "column": 41 }
      },
      "26": {
        "start": { "line": 60, "column": 6 },
        "end": { "line": 70, "column": 7 }
      },
      "27": {
        "start": { "line": 61, "column": 8 },
        "end": { "line": 67, "column": 9 }
      },
      "28": {
        "start": { "line": 64, "column": 33 },
        "end": { "line": 64, "column": 45 }
      },
      "29": {
        "start": { "line": 65, "column": 10 },
        "end": { "line": 65, "column": 53 }
      },
      "30": {
        "start": { "line": 66, "column": 10 },
        "end": { "line": 66, "column": 37 }
      },
      "31": {
        "start": { "line": 69, "column": 8 },
        "end": { "line": 69, "column": 45 }
      },
      "32": {
        "start": { "line": 73, "column": 4 },
        "end": { "line": 73, "column": 16 }
      },
      "33": {
        "start": { "line": 74, "column": 4 },
        "end": { "line": 74, "column": 23 }
      },
      "34": {
        "start": { "line": 77, "column": 20 },
        "end": { "line": 86, "column": 3 }
      },
      "35": {
        "start": { "line": 78, "column": 4 },
        "end": { "line": 78, "column": 18 }
      },
      "36": {
        "start": { "line": 79, "column": 4 },
        "end": { "line": 79, "column": 16 }
      },
      "37": {
        "start": { "line": 80, "column": 4 },
        "end": { "line": 80, "column": 30 }
      },
      "38": {
        "start": { "line": 81, "column": 4 },
        "end": { "line": 81, "column": 16 }
      },
      "39": {
        "start": { "line": 82, "column": 4 },
        "end": { "line": 82, "column": 16 }
      },
      "40": {
        "start": { "line": 83, "column": 4 },
        "end": { "line": 83, "column": 18 }
      },
      "41": {
        "start": { "line": 84, "column": 4 },
        "end": { "line": 84, "column": 20 }
      },
      "42": {
        "start": { "line": 85, "column": 4 },
        "end": { "line": 85, "column": 16 }
      },
      "43": {
        "start": { "line": 88, "column": 26 },
        "end": { "line": 91, "column": 3 }
      },
      "44": {
        "start": { "line": 89, "column": 24 },
        "end": { "line": 89, "column": 58 }
      },
      "45": {
        "start": { "line": 89, "column": 46 },
        "end": { "line": 89, "column": 57 }
      },
      "46": {
        "start": { "line": 90, "column": 4 },
        "end": { "line": 90, "column": 25 }
      },
      "47": {
        "start": { "line": 93, "column": 29 },
        "end": { "line": 99, "column": 3 }
      },
      "48": {
        "start": { "line": 94, "column": 4 },
        "end": { "line": 98, "column": 5 }
      },
      "49": {
        "start": { "line": 95, "column": 6 },
        "end": { "line": 95, "column": 67 }
      },
      "50": {
        "start": { "line": 95, "column": 44 },
        "end": { "line": 95, "column": 64 }
      },
      "51": {
        "start": { "line": 96, "column": 6 },
        "end": { "line": 96, "column": 20 }
      },
      "52": {
        "start": { "line": 97, "column": 6 },
        "end": { "line": 97, "column": 25 }
      },
      "53": {
        "start": { "line": 101, "column": 30 },
        "end": { "line": 155, "column": 3 }
      },
      "54": {
        "start": { "line": 102, "column": 27 },
        "end": { "line": 102, "column": 65 }
      },
      "55": {
        "start": { "line": 102, "column": 47 },
        "end": { "line": 102, "column": 64 }
      },
      "56": {
        "start": { "line": 104, "column": 4 },
        "end": { "line": 104, "column": 37 }
      },
      "57": {
        "start": { "line": 104, "column": 25 },
        "end": { "line": 104, "column": 37 }
      },
      "58": {
        "start": { "line": 106, "column": 4 },
        "end": { "line": 154, "column": 6 }
      },
      "59": {
        "start": { "line": 118, "column": 14 },
        "end": { "line": 120, "column": 19 }
      },
      "60": {
        "start": { "line": 135, "column": 14 },
        "end": { "line": 135, "column": 33 }
      },
      "61": {
        "start": { "line": 136, "column": 14 },
        "end": { "line": 136, "column": 43 }
      },
      "62": {
        "start": { "line": 137, "column": 14 },
        "end": { "line": 137, "column": 57 }
      },
      "63": {
        "start": { "line": 138, "column": 14 },
        "end": { "line": 138, "column": 49 }
      },
      "64": {
        "start": { "line": 139, "column": 14 },
        "end": { "line": 139, "column": 57 }
      },
      "65": {
        "start": { "line": 140, "column": 14 },
        "end": { "line": 140, "column": 49 }
      },
      "66": {
        "start": { "line": 147, "column": 27 },
        "end": { "line": 147, "column": 66 }
      },
      "67": {
        "start": { "line": 157, "column": 31 },
        "end": { "line": 186, "column": 3 }
      },
      "68": {
        "start": { "line": 158, "column": 4 },
        "end": { "line": 185, "column": 10 }
      },
      "69": {
        "start": { "line": 166, "column": 32 },
        "end": { "line": 166, "column": 46 }
      },
      "70": {
        "start": { "line": 167, "column": 10 },
        "end": { "line": 167, "column": 35 }
      },
      "71": {
        "start": { "line": 169, "column": 10 },
        "end": { "line": 174, "column": 11 }
      },
      "72": {
        "start": { "line": 170, "column": 12 },
        "end": { "line": 170, "column": 31 }
      },
      "73": {
        "start": { "line": 171, "column": 12 },
        "end": { "line": 171, "column": 24 }
      },
      "74": {
        "start": { "line": 173, "column": 12 },
        "end": { "line": 173, "column": 32 }
      },
      "75": {
        "start": { "line": 180, "column": 10 },
        "end": { "line": 182, "column": 19 }
      },
      "76": {
        "start": { "line": 188, "column": 36 },
        "end": { "line": 216, "column": 3 }
      },
      "77": {
        "start": { "line": 189, "column": 4 },
        "end": { "line": 215, "column": 10 }
      },
      "78": {
        "start": { "line": 200, "column": 28 },
        "end": { "line": 200, "column": 53 }
      },
      "79": {
        "start": { "line": 210, "column": 28 },
        "end": { "line": 210, "column": 52 }
      },
      "80": {
        "start": { "line": 218, "column": 29 },
        "end": { "line": 270, "column": 3 }
      },
      "81": {
        "start": { "line": 219, "column": 29 },
        "end": { "line": 219, "column": 54 }
      },
      "82": {
        "start": { "line": 221, "column": 4 },
        "end": { "line": 269, "column": 6 }
      },
      "83": {
        "start": { "line": 231, "column": 27 },
        "end": { "line": 231, "column": 50 }
      },
      "84": {
        "start": { "line": 241, "column": 27 },
        "end": { "line": 241, "column": 52 }
      },
      "85": {
        "start": { "line": 253, "column": 12 },
        "end": { "line": 265, "column": 17 }
      },
      "86": {
        "start": { "line": 259, "column": 33 },
        "end": { "line": 259, "column": 55 }
      },
      "87": {
        "start": { "line": 272, "column": 28 },
        "end": { "line": 295, "column": 3 }
      },
      "88": {
        "start": { "line": 273, "column": 4 },
        "end": { "line": 294, "column": 10 }
      },
      "89": {
        "start": { "line": 281, "column": 25 },
        "end": { "line": 281, "column": 52 }
      },
      "90": {
        "start": { "line": 291, "column": 25 },
        "end": { "line": 291, "column": 48 }
      },
      "91": {
        "start": { "line": 297, "column": 29 },
        "end": { "line": 313, "column": 3 }
      },
      "92": {
        "start": { "line": 299, "column": 6 },
        "end": { "line": 302, "column": 29 }
      },
      "93": {
        "start": { "line": 304, "column": 4 },
        "end": { "line": 312, "column": 6 }
      },
      "94": {
        "start": { "line": 317, "column": 2 },
        "end": { "line": 365, "column": 4 }
      },
      "95": {
        "start": { "line": 339, "column": 31 },
        "end": { "line": 339, "column": 54 }
      },
      "96": {
        "start": { "line": 350, "column": 33 },
        "end": { "line": 350, "column": 66 }
      }
    },
    "fnMap": {
      "0": {
        "name": "WorkoutEntryPage",
        "decl": {
          "start": { "line": 14, "column": 9 },
          "end": { "line": 14, "column": 25 }
        },
        "loc": {
          "start": { "line": 14, "column": 28 },
          "end": { "line": 366, "column": 1 }
        },
        "line": 14
      },
      "1": {
        "name": "(anonymous_1)",
        "decl": {
          "start": { "line": 28, "column": 12 },
          "end": { "line": 28, "column": 13 }
        },
        "loc": {
          "start": { "line": 28, "column": 18 },
          "end": { "line": 31, "column": 3 }
        },
        "line": 28
      },
      "2": {
        "name": "(anonymous_2)",
        "decl": {
          "start": { "line": 34, "column": 12 },
          "end": { "line": 34, "column": 13 }
        },
        "loc": {
          "start": { "line": 34, "column": 18 },
          "end": { "line": 36, "column": 3 }
        },
        "line": 34
      },
      "3": {
        "name": "(anonymous_3)",
        "decl": {
          "start": { "line": 38, "column": 23 },
          "end": { "line": 38, "column": 24 }
        },
        "loc": {
          "start": { "line": 38, "column": 29 },
          "end": { "line": 44, "column": 3 }
        },
        "line": 38
      },
      "4": {
        "name": "(anonymous_4)",
        "decl": {
          "start": { "line": 46, "column": 23 },
          "end": { "line": 46, "column": 24 }
        },
        "loc": {
          "start": { "line": 46, "column": 29 },
          "end": { "line": 75, "column": 3 }
        },
        "line": 46
      },
      "5": {
        "name": "(anonymous_5)",
        "decl": {
          "start": { "line": 57, "column": 8 },
          "end": { "line": 57, "column": 9 }
        },
        "loc": {
          "start": { "line": 57, "column": 15 },
          "end": { "line": 57, "column": 41 }
        },
        "line": 57
      },
      "6": {
        "name": "(anonymous_6)",
        "decl": {
          "start": { "line": 77, "column": 20 },
          "end": { "line": 77, "column": 21 }
        },
        "loc": {
          "start": { "line": 77, "column": 26 },
          "end": { "line": 86, "column": 3 }
        },
        "line": 77
      },
      "7": {
        "name": "(anonymous_7)",
        "decl": {
          "start": { "line": 88, "column": 26 },
          "end": { "line": 88, "column": 27 }
        },
        "loc": {
          "start": { "line": 88, "column": 37 },
          "end": { "line": 91, "column": 3 }
        },
        "line": 88
      },
      "8": {
        "name": "(anonymous_8)",
        "decl": {
          "start": { "line": 89, "column": 36 },
          "end": { "line": 89, "column": 37 }
        },
        "loc": {
          "start": { "line": 89, "column": 46 },
          "end": { "line": 89, "column": 57 }
        },
        "line": 89
      },
      "9": {
        "name": "(anonymous_9)",
        "decl": {
          "start": { "line": 93, "column": 29 },
          "end": { "line": 93, "column": 30 }
        },
        "loc": {
          "start": { "line": 93, "column": 39 },
          "end": { "line": 99, "column": 3 }
        },
        "line": 93
      },
      "10": {
        "name": "(anonymous_10)",
        "decl": {
          "start": { "line": 95, "column": 32 },
          "end": { "line": 95, "column": 33 }
        },
        "loc": {
          "start": { "line": 95, "column": 44 },
          "end": { "line": 95, "column": 64 }
        },
        "line": 95
      },
      "11": {
        "name": "(anonymous_11)",
        "decl": {
          "start": { "line": 101, "column": 30 },
          "end": { "line": 101, "column": 31 }
        },
        "loc": {
          "start": { "line": 101, "column": 36 },
          "end": { "line": 155, "column": 3 }
        },
        "line": 101
      },
      "12": {
        "name": "(anonymous_12)",
        "decl": {
          "start": { "line": 102, "column": 40 },
          "end": { "line": 102, "column": 41 }
        },
        "loc": {
          "start": { "line": 102, "column": 47 },
          "end": { "line": 102, "column": 64 }
        },
        "line": 102
      },
      "13": {
        "name": "(anonymous_13)",
        "decl": {
          "start": { "line": 117, "column": 37 },
          "end": { "line": 117, "column": 38 }
        },
        "loc": {
          "start": { "line": 118, "column": 14 },
          "end": { "line": 120, "column": 19 }
        },
        "line": 118
      },
      "14": {
        "name": "(anonymous_14)",
        "decl": {
          "start": { "line": 134, "column": 21 },
          "end": { "line": 134, "column": 22 }
        },
        "loc": {
          "start": { "line": 134, "column": 27 },
          "end": { "line": 141, "column": 13 }
        },
        "line": 134
      },
      "15": {
        "name": "(anonymous_15)",
        "decl": {
          "start": { "line": 147, "column": 21 },
          "end": { "line": 147, "column": 22 }
        },
        "loc": {
          "start": { "line": 147, "column": 27 },
          "end": { "line": 147, "column": 66 }
        },
        "line": 147
      },
      "16": {
        "name": "(anonymous_16)",
        "decl": {
          "start": { "line": 157, "column": 31 },
          "end": { "line": 157, "column": 32 }
        },
        "loc": {
          "start": { "line": 158, "column": 4 },
          "end": { "line": 185, "column": 10 }
        },
        "line": 158
      },
      "17": {
        "name": "(anonymous_17)",
        "decl": {
          "start": { "line": 165, "column": 18 },
          "end": { "line": 165, "column": 19 }
        },
        "loc": {
          "start": { "line": 165, "column": 25 },
          "end": { "line": 175, "column": 9 }
        },
        "line": 165
      },
      "18": {
        "name": "(anonymous_18)",
        "decl": {
          "start": { "line": 179, "column": 21 },
          "end": { "line": 179, "column": 22 }
        },
        "loc": {
          "start": { "line": 180, "column": 10 },
          "end": { "line": 182, "column": 19 }
        },
        "line": 180
      },
      "19": {
        "name": "(anonymous_19)",
        "decl": {
          "start": { "line": 188, "column": 36 },
          "end": { "line": 188, "column": 37 }
        },
        "loc": {
          "start": { "line": 189, "column": 4 },
          "end": { "line": 215, "column": 10 }
        },
        "line": 189
      },
      "20": {
        "name": "(anonymous_20)",
        "decl": {
          "start": { "line": 200, "column": 22 },
          "end": { "line": 200, "column": 23 }
        },
        "loc": {
          "start": { "line": 200, "column": 28 },
          "end": { "line": 200, "column": 53 }
        },
        "line": 200
      },
      "21": {
        "name": "(anonymous_21)",
        "decl": {
          "start": { "line": 210, "column": 22 },
          "end": { "line": 210, "column": 23 }
        },
        "loc": {
          "start": { "line": 210, "column": 28 },
          "end": { "line": 210, "column": 52 }
        },
        "line": 210
      },
      "22": {
        "name": "(anonymous_22)",
        "decl": {
          "start": { "line": 218, "column": 29 },
          "end": { "line": 218, "column": 30 }
        },
        "loc": {
          "start": { "line": 218, "column": 35 },
          "end": { "line": 270, "column": 3 }
        },
        "line": 218
      },
      "23": {
        "name": "(anonymous_23)",
        "decl": {
          "start": { "line": 231, "column": 20 },
          "end": { "line": 231, "column": 21 }
        },
        "loc": {
          "start": { "line": 231, "column": 27 },
          "end": { "line": 231, "column": 50 }
        },
        "line": 231
      },
      "24": {
        "name": "(anonymous_24)",
        "decl": {
          "start": { "line": 241, "column": 20 },
          "end": { "line": 241, "column": 21 }
        },
        "loc": {
          "start": { "line": 241, "column": 27 },
          "end": { "line": 241, "column": 52 }
        },
        "line": 241
      },
      "25": {
        "name": "(anonymous_25)",
        "decl": {
          "start": { "line": 252, "column": 20 },
          "end": { "line": 252, "column": 21 }
        },
        "loc": {
          "start": { "line": 253, "column": 12 },
          "end": { "line": 265, "column": 17 }
        },
        "line": 253
      },
      "26": {
        "name": "(anonymous_26)",
        "decl": {
          "start": { "line": 259, "column": 27 },
          "end": { "line": 259, "column": 28 }
        },
        "loc": {
          "start": { "line": 259, "column": 33 },
          "end": { "line": 259, "column": 55 }
        },
        "line": 259
      },
      "27": {
        "name": "(anonymous_27)",
        "decl": {
          "start": { "line": 272, "column": 28 },
          "end": { "line": 272, "column": 29 }
        },
        "loc": {
          "start": { "line": 273, "column": 4 },
          "end": { "line": 294, "column": 10 }
        },
        "line": 273
      },
      "28": {
        "name": "(anonymous_28)",
        "decl": {
          "start": { "line": 281, "column": 18 },
          "end": { "line": 281, "column": 19 }
        },
        "loc": {
          "start": { "line": 281, "column": 25 },
          "end": { "line": 281, "column": 52 }
        },
        "line": 281
      },
      "29": {
        "name": "(anonymous_29)",
        "decl": {
          "start": { "line": 291, "column": 18 },
          "end": { "line": 291, "column": 19 }
        },
        "loc": {
          "start": { "line": 291, "column": 25 },
          "end": { "line": 291, "column": 48 }
        },
        "line": 291
      },
      "30": {
        "name": "(anonymous_30)",
        "decl": {
          "start": { "line": 297, "column": 29 },
          "end": { "line": 297, "column": 30 }
        },
        "loc": {
          "start": { "line": 297, "column": 35 },
          "end": { "line": 313, "column": 3 }
        },
        "line": 297
      },
      "31": {
        "name": "(anonymous_31)",
        "decl": {
          "start": { "line": 339, "column": 24 },
          "end": { "line": 339, "column": 25 }
        },
        "loc": {
          "start": { "line": 339, "column": 31 },
          "end": { "line": 339, "column": 54 }
        },
        "line": 339
      },
      "32": {
        "name": "(anonymous_32)",
        "decl": {
          "start": { "line": 350, "column": 26 },
          "end": { "line": 350, "column": 27 }
        },
        "loc": {
          "start": { "line": 350, "column": 33 },
          "end": { "line": 350, "column": 66 }
        },
        "line": 350
      }
    },
    "branchMap": {
      "0": {
        "loc": {
          "start": { "line": 29, "column": 25 },
          "end": { "line": 29, "column": 74 }
        },
        "type": "binary-expr",
        "locations": [
          {
            "start": { "line": 29, "column": 25 },
            "end": { "line": 29, "column": 68 }
          },
          {
            "start": { "line": 29, "column": 72 },
            "end": { "line": 29, "column": 74 }
          }
        ],
        "line": 29
      },
      "1": {
        "loc": {
          "start": { "line": 39, "column": 4 },
          "end": { "line": 43, "column": 5 }
        },
        "type": "if",
        "locations": [
          {
            "start": { "line": 39, "column": 4 },
            "end": { "line": 43, "column": 5 }
          },
          { "start": {}, "end": {} }
        ],
        "line": 39
      },
      "2": {
        "loc": {
          "start": { "line": 39, "column": 8 },
          "end": { "line": 39, "column": 30 }
        },
        "type": "binary-expr",
        "locations": [
          {
            "start": { "line": 39, "column": 8 },
            "end": { "line": 39, "column": 16 }
          },
          {
            "start": { "line": 39, "column": 20 },
            "end": { "line": 39, "column": 30 }
          }
        ],
        "line": 39
      },
      "3": {
        "loc": {
          "start": { "line": 48, "column": 12 },
          "end": { "line": 48, "column": 37 }
        },
        "type": "binary-expr",
        "locations": [
          {
            "start": { "line": 48, "column": 12 },
            "end": { "line": 48, "column": 16 }
          },
          {
            "start": { "line": 48, "column": 20 },
            "end": { "line": 48, "column": 37 }
          }
        ],
        "line": 48
      },
      "4": {
        "loc": {
          "start": { "line": 55, "column": 4 },
          "end": { "line": 71, "column": 5 }
        },
        "type": "if",
        "locations": [
          {
            "start": { "line": 55, "column": 4 },
            "end": { "line": 71, "column": 5 }
          },
          { "start": {}, "end": {} }
        ],
        "line": 55
      },
      "5": {
        "loc": {
          "start": { "line": 55, "column": 8 },
          "end": { "line": 55, "column": 28 }
        },
        "type": "binary-expr",
        "locations": [
          {
            "start": { "line": 55, "column": 8 },
            "end": { "line": 55, "column": 20 }
          },
          {
            "start": { "line": 55, "column": 24 },
            "end": { "line": 55, "column": 28 }
          }
        ],
        "line": 55
      },
      "6": {
        "loc": {
          "start": { "line": 60, "column": 6 },
          "end": { "line": 70, "column": 7 }
        },
        "type": "if",
        "locations": [
          {
            "start": { "line": 60, "column": 6 },
            "end": { "line": 70, "column": 7 }
          },
          {
            "start": { "line": 68, "column": 13 },
            "end": { "line": 70, "column": 7 }
          }
        ],
        "line": 60
      },
      "7": {
        "loc": {
          "start": { "line": 61, "column": 8 },
          "end": { "line": 67, "column": 9 }
        },
        "type": "if",
        "locations": [
          {
            "start": { "line": 61, "column": 8 },
            "end": { "line": 67, "column": 9 }
          },
          { "start": {}, "end": {} }
        ],
        "line": 61
      },
      "8": {
        "loc": {
          "start": { "line": 94, "column": 4 },
          "end": { "line": 98, "column": 5 }
        },
        "type": "if",
        "locations": [
          {
            "start": { "line": 94, "column": 4 },
            "end": { "line": 98, "column": 5 }
          },
          { "start": {}, "end": {} }
        ],
        "line": 94
      },
      "9": {
        "loc": {
          "start": { "line": 104, "column": 4 },
          "end": { "line": 104, "column": 37 }
        },
        "type": "if",
        "locations": [
          {
            "start": { "line": 104, "column": 4 },
            "end": { "line": 104, "column": 37 }
          },
          { "start": {}, "end": {} }
        ],
        "line": 104
      },
      "10": {
        "loc": {
          "start": { "line": 115, "column": 9 },
          "end": { "line": 123, "column": 9 }
        },
        "type": "binary-expr",
        "locations": [
          {
            "start": { "line": 115, "column": 9 },
            "end": { "line": 115, "column": 49 }
          },
          {
            "start": { "line": 116, "column": 10 },
            "end": { "line": 122, "column": 15 }
          }
        ],
        "line": 115
      },
      "11": {
        "loc": {
          "start": { "line": 124, "column": 9 },
          "end": { "line": 128, "column": 9 }
        },
        "type": "binary-expr",
        "locations": [
          {
            "start": { "line": 124, "column": 9 },
            "end": { "line": 124, "column": 48 }
          },
          {
            "start": { "line": 125, "column": 10 },
            "end": { "line": 127, "column": 14 }
          }
        ],
        "line": 124
      },
      "12": {
        "loc": {
          "start": { "line": 138, "column": 22 },
          "end": { "line": 138, "column": 47 }
        },
        "type": "binary-expr",
        "locations": [
          {
            "start": { "line": 138, "column": 22 },
            "end": { "line": 138, "column": 41 }
          },
          {
            "start": { "line": 138, "column": 45 },
            "end": { "line": 138, "column": 47 }
          }
        ],
        "line": 138
      },
      "13": {
        "loc": {
          "start": { "line": 139, "column": 26 },
          "end": { "line": 139, "column": 55 }
        },
        "type": "binary-expr",
        "locations": [
          {
            "start": { "line": 139, "column": 26 },
            "end": { "line": 139, "column": 49 }
          },
          {
            "start": { "line": 139, "column": 53 },
            "end": { "line": 139, "column": 55 }
          }
        ],
        "line": 139
      },
      "14": {
        "loc": {
          "start": { "line": 140, "column": 22 },
          "end": { "line": 140, "column": 47 }
        },
        "type": "binary-expr",
        "locations": [
          {
            "start": { "line": 140, "column": 22 },
            "end": { "line": 140, "column": 41 }
          },
          {
            "start": { "line": 140, "column": 45 },
            "end": { "line": 140, "column": 47 }
          }
        ],
        "line": 140
      },
      "15": {
        "loc": {
          "start": { "line": 169, "column": 10 },
          "end": { "line": 174, "column": 11 }
        },
        "type": "if",
        "locations": [
          {
            "start": { "line": 169, "column": 10 },
            "end": { "line": 174, "column": 11 }
          },
          {
            "start": { "line": 172, "column": 17 },
            "end": { "line": 174, "column": 11 }
          }
        ],
        "line": 169
      },
      "16": {
        "loc": {
          "start": { "line": 219, "column": 31 },
          "end": { "line": 219, "column": 53 }
        },
        "type": "binary-expr",
        "locations": [
          {
            "start": { "line": 219, "column": 31 },
            "end": { "line": 219, "column": 39 }
          },
          {
            "start": { "line": 219, "column": 43 },
            "end": { "line": 219, "column": 53 }
          }
        ],
        "line": 219
      },
      "17": {
        "loc": {
          "start": { "line": 299, "column": 6 },
          "end": { "line": 302, "column": 29 }
        },
        "type": "binary-expr",
        "locations": [
          {
            "start": { "line": 299, "column": 7 },
            "end": { "line": 299, "column": 16 }
          },
          {
            "start": { "line": 300, "column": 10 },
            "end": { "line": 300, "column": 35 }
          },
          {
            "start": { "line": 300, "column": 39 },
            "end": { "line": 300, "column": 56 }
          },
          {
            "start": { "line": 301, "column": 11 },
            "end": { "line": 301, "column": 35 }
          },
          {
            "start": { "line": 301, "column": 40 },
            "end": { "line": 301, "column": 49 }
          },
          {
            "start": { "line": 301, "column": 53 },
            "end": { "line": 301, "column": 58 }
          },
          {
            "start": { "line": 302, "column": 7 },
            "end": { "line": 302, "column": 17 }
          },
          {
            "start": { "line": 302, "column": 21 },
            "end": { "line": 302, "column": 28 }
          }
        ],
        "line": 299
      },
      "18": {
        "loc": {
          "start": { "line": 329, "column": 9 },
          "end": { "line": 362, "column": 9 }
        },
        "type": "cond-expr",
        "locations": [
          {
            "start": { "line": 330, "column": 10 },
            "end": { "line": 359, "column": 16 }
          },
          {
            "start": { "line": 361, "column": 10 },
            "end": { "line": 361, "column": 31 }
          }
        ],
        "line": 329
      },
      "19": {
        "loc": {
          "start": { "line": 356, "column": 13 },
          "end": { "line": 356, "column": 62 }
        },
        "type": "binary-expr",
        "locations": [
          {
            "start": { "line": 356, "column": 13 },
            "end": { "line": 356, "column": 38 }
          },
          {
            "start": { "line": 356, "column": 42 },
            "end": { "line": 356, "column": 62 }
          }
        ],
        "line": 356
      },
      "20": {
        "loc": {
          "start": { "line": 357, "column": 13 },
          "end": { "line": 357, "column": 60 }
        },
        "type": "binary-expr",
        "locations": [
          {
            "start": { "line": 357, "column": 13 },
            "end": { "line": 357, "column": 37 }
          },
          {
            "start": { "line": 357, "column": 41 },
            "end": { "line": 357, "column": 60 }
          }
        ],
        "line": 357
      }
    },
    "s": {
      "0": 27,
      "1": 27,
      "2": 27,
      "3": 27,
      "4": 27,
      "5": 27,
      "6": 27,
      "7": 27,
      "8": 27,
      "9": 27,
      "10": 27,
      "11": 27,
      "12": 6,
      "13": 6,
      "14": 27,
      "15": 13,
      "16": 27,
      "17": 3,
      "18": 3,
      "19": 3,
      "20": 3,
      "21": 27,
      "22": 1,
      "23": 1,
      "24": 1,
      "25": 0,
      "26": 1,
      "27": 0,
      "28": 0,
      "29": 0,
      "30": 0,
      "31": 1,
      "32": 1,
      "33": 1,
      "34": 27,
      "35": 1,
      "36": 1,
      "37": 1,
      "38": 1,
      "39": 1,
      "40": 1,
      "41": 1,
      "42": 1,
      "43": 27,
      "44": 1,
      "45": 1,
      "46": 1,
      "47": 27,
      "48": 0,
      "49": 0,
      "50": 0,
      "51": 0,
      "52": 0,
      "53": 27,
      "54": 1,
      "55": 1,
      "56": 1,
      "57": 0,
      "58": 1,
      "59": 1,
      "60": 0,
      "61": 0,
      "62": 0,
      "63": 0,
      "64": 0,
      "65": 0,
      "66": 0,
      "67": 27,
      "68": 27,
      "69": 1,
      "70": 1,
      "71": 1,
      "72": 0,
      "73": 0,
      "74": 1,
      "75": 3,
      "76": 27,
      "77": 26,
      "78": 0,
      "79": 0,
      "80": 27,
      "81": 26,
      "82": 26,
      "83": 3,
      "84": 3,
      "85": 3,
      "86": 1,
      "87": 27,
      "88": 0,
      "89": 0,
      "90": 0,
      "91": 27,
      "92": 26,
      "93": 26,
      "94": 27,
      "95": 2,
      "96": 1
    },
    "f": {
      "0": 27,
      "1": 6,
      "2": 13,
      "3": 3,
      "4": 1,
      "5": 0,
      "6": 1,
      "7": 1,
      "8": 1,
      "9": 0,
      "10": 0,
      "11": 1,
      "12": 1,
      "13": 1,
      "14": 0,
      "15": 0,
      "16": 27,
      "17": 1,
      "18": 3,
      "19": 26,
      "20": 0,
      "21": 0,
      "22": 26,
      "23": 3,
      "24": 3,
      "25": 3,
      "26": 1,
      "27": 0,
      "28": 0,
      "29": 0,
      "30": 26,
      "31": 2,
      "32": 1
    },
    "b": {
      "0": [6, 5],
      "1": [3, 0],
      "2": [3, 3],
      "3": [1, 0],
      "4": [1, 0],
      "5": [1, 1],
      "6": [0, 1],
      "7": [0, 0],
      "8": [0, 0],
      "9": [0, 1],
      "10": [1, 1],
      "11": [1, 0],
      "12": [0, 0],
      "13": [0, 0],
      "14": [0, 0],
      "15": [0, 1],
      "16": [26, 6],
      "17": [26, 26, 26, 3, 0, 0, 3, 0],
      "18": [26, 1],
      "19": [26, 26],
      "20": [26, 0]
    },
    "_coverageSchema": "1a1c01bbd47fc00a2c39e90264f33305004495a9",
    "hash": "b0b08ee3d964f78299320cab61c529a5478d8203"
  }
}
