TN:
SF:src\workout-entry\WorkoutEntryPage.jsx
FN:14,WorkoutEntryPage
FN:28,(anonymous_1)
FN:34,(anonymous_2)
FN:38,(anonymous_3)
FN:46,(anonymous_4)
FN:57,(anonymous_5)
FN:77,(anonymous_6)
FN:88,(anonymous_7)
FN:89,(anonymous_8)
FN:93,(anonymous_9)
FN:95,(anonymous_10)
FN:101,(anonymous_11)
FN:102,(anonymous_12)
FN:117,(anonymous_13)
FN:134,(anonymous_14)
FN:147,(anonymous_15)
FN:157,(anonymous_16)
FN:165,(anonymous_17)
FN:179,(anonymous_18)
FN:188,(anonymous_19)
FN:200,(anonymous_20)
FN:210,(anonymous_21)
FN:218,(anonymous_22)
FN:231,(anonymous_23)
FN:241,(anonymous_24)
FN:252,(anonymous_25)
FN:259,(anonymous_26)
FN:272,(anonymous_27)
FN:281,(anonymous_28)
FN:291,(anonymous_29)
FN:297,(anonymous_30)
FN:339,(anonymous_31)
FN:350,(anonymous_32)
FNF:33
FNH:23
FNDA:27,WorkoutEntryPage
FNDA:6,(anonymous_1)
FNDA:13,(anonymous_2)
FNDA:3,(anonymous_3)
FNDA:1,(anonymous_4)
FNDA:0,(anonymous_5)
FNDA:1,(anonymous_6)
FNDA:1,(anonymous_7)
FNDA:1,(anonymous_8)
FNDA:0,(anonymous_9)
FNDA:0,(anonymous_10)
FNDA:1,(anonymous_11)
FNDA:1,(anonymous_12)
FNDA:1,(anonymous_13)
FNDA:0,(anonymous_14)
FNDA:0,(anonymous_15)
FNDA:27,(anonymous_16)
FNDA:1,(anonymous_17)
FNDA:3,(anonymous_18)
FNDA:26,(anonymous_19)
FNDA:0,(anonymous_20)
FNDA:0,(anonymous_21)
FNDA:26,(anonymous_22)
FNDA:3,(anonymous_23)
FNDA:3,(anonymous_24)
FNDA:3,(anonymous_25)
FNDA:1,(anonymous_26)
FNDA:0,(anonymous_27)
FNDA:0,(anonymous_28)
FNDA:0,(anonymous_29)
FNDA:26,(anonymous_30)
FNDA:2,(anonymous_31)
FNDA:1,(anonymous_32)
DA:15,27
DA:16,27
DA:17,27
DA:18,27
DA:19,27
DA:20,27
DA:21,27
DA:22,27
DA:23,27
DA:24,27
DA:25,27
DA:28,27
DA:29,6
DA:30,6
DA:34,27
DA:35,13
DA:38,27
DA:39,3
DA:40,3
DA:41,3
DA:42,3
DA:46,27
DA:47,1
DA:55,1
DA:56,1
DA:57,0
DA:60,1
DA:61,0
DA:64,0
DA:65,0
DA:66,0
DA:69,1
DA:73,1
DA:74,1
DA:77,27
DA:78,1
DA:79,1
DA:80,1
DA:81,1
DA:82,1
DA:83,1
DA:84,1
DA:85,1
DA:88,27
DA:89,1
DA:90,1
DA:93,27
DA:94,0
DA:95,0
DA:96,0
DA:97,0
DA:101,27
DA:102,1
DA:104,1
DA:106,1
DA:118,1
DA:135,0
DA:136,0
DA:137,0
DA:138,0
DA:139,0
DA:140,0
DA:147,0
DA:157,27
DA:158,27
DA:166,1
DA:167,1
DA:169,1
DA:170,0
DA:171,0
DA:173,1
DA:180,3
DA:188,27
DA:189,26
DA:200,0
DA:210,0
DA:218,27
DA:219,26
DA:221,26
DA:231,3
DA:241,3
DA:253,3
DA:259,1
DA:272,27
DA:273,0
DA:281,0
DA:291,0
DA:297,27
DA:299,26
DA:304,26
DA:317,27
DA:339,2
DA:350,1
LF:93
LH:70
BRDA:29,0,0,6
BRDA:29,0,1,5
BRDA:39,1,0,3
BRDA:39,1,1,0
BRDA:39,2,0,3
BRDA:39,2,1,3
BRDA:48,3,0,1
BRDA:48,3,1,0
BRDA:55,4,0,1
BRDA:55,4,1,0
BRDA:55,5,0,1
BRDA:55,5,1,1
BRDA:60,6,0,0
BRDA:60,6,1,1
BRDA:61,7,0,0
BRDA:61,7,1,0
BRDA:94,8,0,0
BRDA:94,8,1,0
BRDA:104,9,0,0
BRDA:104,9,1,1
BRDA:115,10,0,1
BRDA:115,10,1,1
BRDA:124,11,0,1
BRDA:124,11,1,0
BRDA:138,12,0,0
BRDA:138,12,1,0
BRDA:139,13,0,0
BRDA:139,13,1,0
BRDA:140,14,0,0
BRDA:140,14,1,0
BRDA:169,15,0,0
BRDA:169,15,1,1
BRDA:219,16,0,26
BRDA:219,16,1,6
BRDA:299,17,0,26
BRDA:299,17,1,26
BRDA:299,17,2,26
BRDA:299,17,3,3
BRDA:299,17,4,0
BRDA:299,17,5,0
BRDA:299,17,6,3
BRDA:299,17,7,0
BRDA:329,18,0,26
BRDA:329,18,1,1
BRDA:356,19,0,26
BRDA:356,19,1,26
BRDA:357,20,0,26
BRDA:357,20,1,0
BRF:48
BRH:27
end_of_record
